<?xml version="1.0" encoding="UTF-8"?>
<!-- Generated by org.testng.reporters.JUnitReportReporter -->
<testsuite skipped="0" hostname="Benny-computer" name="testcases.TestTesting" tests="1" failures="0" timestamp="14 Nov 2018 09:05:25 GMT" time="5.976" errors="0">
  <testcase name="firstTest" time="5.976" classname="testcases.TestTesting"/>
</testsuite> <!-- testcases.TestTesting -->
