<?xml version="1.0" encoding="UTF-8"?>
<!-- Generated by org.testng.reporters.JUnitReportReporter -->
<testsuite skipped="0" hostname="Benny-computer" name="testcases.testTest" tests="1" failures="0" timestamp="12 Nov 2018 19:10:33 GMT" time="0.008" errors="0">
  <testcase name="firstTest" time="0.008" classname="testcases.testTest"/>
</testsuite> <!-- testcases.testTest -->
