<?xml version="1.0" encoding="UTF-8"?>
<!-- Generated by org.testng.reporters.JUnitReportReporter -->
<testsuite skipped="0" hostname="Benny-computer" name="testcases.TestTesting" tests="1" failures="0" timestamp="13 Nov 2018 19:18:37 GMT" time="0.007" errors="0">
  <testcase name="firstTest" time="0.007" classname="testcases.TestTesting"/>
</testsuite> <!-- testcases.TestTesting -->
