<?xml version="1.0" encoding="UTF-8"?>
<!-- Generated by org.testng.reporters.JUnitReportReporter -->
<testsuite skipped="0" hostname="C19S8" name="testcases.TestTesting" tests="1" failures="0" timestamp="13 נוב 2018 11:37:36 GMT" time="0.005" errors="0">
  <testcase name="firstTest" time="0.005" classname="testcases.TestTesting"/>
</testsuite> <!-- testcases.TestTesting -->
